<?xml version="1.0" encoding="UTF-8"?>
<!-- Generated by org.testng.reporters.JUnitXMLReporter -->
<testsuite ignored="2" hostname="MacBookAir.lan" failures="0" tests="2" name="Test" time="15.875" errors="0" timestamp="2026-07-05T18:31:24 PDT">
  <testcase classname="mainproject.LoginTest" name="userLoginwithValidCredentials" time="2.532"/>
  <testcase classname="mainproject.LoginTest" name="userLoginwithInvalidPassword" time="0.796"/>
  <testcase classname="mainproject.LoginTest" name="userLoginwithInvalidUsername" time="0.0">
    <ignored/>
  </testcase> <!-- userLoginwithInvalidUsername -->
  <testcase classname="mainproject.LoginTest" name="userLoginwithInValidCredentials" time="0.0">
    <ignored/>
  </testcase> <!-- userLoginwithInValidCredentials -->
</testsuite> <!-- Test -->
