<?xml version="1.0" encoding="UTF-8"?>
<!-- Generated by org.testng.reporters.JUnitXMLReporter -->
<testsuite ignored="4" hostname="MacBookAir.lan" failures="0" tests="0" time="0.004" errors="0" timestamp="2026-07-14T19:23:34 PDT">
  <testcase classname="mainproject.LoginTest" name="userLoginwithInvalidUsername" time="0.0">
    <ignored/>
  </testcase> <!-- userLoginwithInvalidUsername -->
  <testcase classname="mainproject.LoginTest" name="userLoginwithInvalidPassword" time="0.0">
    <ignored/>
  </testcase> <!-- userLoginwithInvalidPassword -->
  <testcase classname="mainproject.LoginTest" name="userLoginwithValidCredentials" time="0.0">
    <ignored/>
  </testcase> <!-- userLoginwithValidCredentials -->
  <testcase classname="mainproject.LoginTest" name="userLoginwithInValidCredentials" time="0.0">
    <ignored/>
  </testcase> <!-- userLoginwithInValidCredentials -->
</testsuite>
