<?xml version="1.0" encoding="UTF-8"?>
<!-- Generated by org.testng.reporters.JUnitXMLReporter -->
<testsuite ignored="3" hostname="MacBookAir.lan" failures="0" tests="1" name="ChromeTest" time="8.614" errors="0" timestamp="2026-07-06T18:34:05 PDT">
  <testcase classname="mainproject.LoginTest" name="userLoginwithValidCredentials" time="2.032"/>
  <testcase classname="mainproject.LoginTest" name="userLoginwithInvalidUsername" time="0.0">
    <ignored/>
  </testcase> <!-- userLoginwithInvalidUsername -->
  <testcase classname="mainproject.LoginTest" name="userLoginwithInvalidPassword" time="0.0">
    <ignored/>
  </testcase> <!-- userLoginwithInvalidPassword -->
  <testcase classname="mainproject.LoginTest" name="userLoginwithInValidCredentials" time="0.0">
    <ignored/>
  </testcase> <!-- userLoginwithInValidCredentials -->
</testsuite> <!-- ChromeTest -->
