<?xml version="1.0" encoding="UTF-8"?>
<!-- Generated by org.testng.reporters.JUnitXMLReporter -->
<testsuite ignored="3" hostname="MacBookAir.lan" failures="0" tests="1" name="SafariTest" time="10.632" errors="0" timestamp="2026-07-06T18:34:16 PDT">
  <testcase classname="mainproject.LoginTest" name="userLoginwithValidCredentials" time="0.0">
    <skipped/>
  </testcase> <!-- userLoginwithValidCredentials -->
  <testcase classname="mainproject.LoginTest" name="userLoginwithInvalidPassword" time="0.0">
    <ignored/>
  </testcase> <!-- userLoginwithInvalidPassword -->
  <testcase classname="mainproject.LoginTest" name="userLoginwithInValidCredentials" time="0.0">
    <ignored/>
  </testcase> <!-- userLoginwithInValidCredentials -->
  <testcase classname="mainproject.LoginTest" name="userLoginwithInvalidUsername" time="0.0">
    <ignored/>
  </testcase> <!-- userLoginwithInvalidUsername -->
</testsuite> <!-- SafariTest -->
