<?xml version="1.0" encoding="UTF-8"?>
<testng-results ignored="0" total="2" passed="1" failed="1" skipped="0">
  <reporter-output>
  </reporter-output>
  <suite started-at="2026-07-14T18:57:35 PDT" name="Suite" finished-at="2026-07-14T18:57:48 PDT" duration-ms="13097">
    <groups>
      <group name="smoke">
        <method signature="LoginTest.userLoginwithInvalidPassword(java.lang.String,java.lang.String)[pri:4, instance:mainproject.LoginTest@33065d67]" name="userLoginwithInvalidPassword" class="mainproject.LoginTest"/>
      </group> <!-- smoke -->
    </groups>
    <test started-at="2026-07-14T18:57:35 PDT" name="Test" finished-at="2026-07-14T18:57:48 PDT" duration-ms="13097">
      <class name="mainproject.LoginTest">
        <test-method signature="userLoginwithInvalidPassword(java.lang.String,java.lang.String)[pri:4, instance:mainproject.LoginTest@33065d67]" started-at="2026-07-14T18:57:35 PDT" name="userLoginwithInvalidPassword" description="User is trying to login with Invalid password" data-provider="loginData" finished-at="2026-07-14T18:57:48 PDT" duration-ms="13081" status="FAIL">
          <exception class="org.testng.internal.reflect.MethodMatcherException">
            <message>
              <![CDATA[
[public void mainproject.LoginTest.userLoginwithInvalidPassword(java.lang.String,java.lang.String) throws java.io.IOException] has no parameters defined but was found to be using a data provider (either explicitly specified or inherited from class level annotation).
Data provider mismatch
Method: userLoginwithInvalidPassword([java.lang.String arg0, java.lang.String arg1])
Arguments: [(java.lang.String) admin123]]]>
            </message>
            <full-stacktrace>
              <![CDATA[org.testng.internal.reflect.MethodMatcherException: 
[public void mainproject.LoginTest.userLoginwithInvalidPassword(java.lang.String,java.lang.String) throws java.io.IOException] has no parameters defined but was found to be using a data provider (either explicitly specified or inherited from class level annotation).
Data provider mismatch
Method: userLoginwithInvalidPassword([java.lang.String arg0, java.lang.String arg1])
Arguments: [(java.lang.String) admin123]
at org.testng.internal.reflect.DataProviderMethodMatcher.getConformingArguments(DataProviderMethodMatcher.java:46)
at org.testng.internal.Parameters.injectParameters(Parameters.java:915)
at org.testng.internal.invokers.MethodRunner.runInSequence(MethodRunner.java:50)
at org.testng.internal.invokers.TestInvoker$MethodInvocationAgent.invoke(TestInvoker.java:992)
at org.testng.internal.invokers.TestInvoker.invokeTestMethods(TestInvoker.java:203)
at org.testng.internal.invokers.TestMethodWorker.invokeTestMethods(TestMethodWorker.java:154)
at org.testng.internal.invokers.TestMethodWorker.run(TestMethodWorker.java:134)
at java.base/java.util.ArrayList.forEach(ArrayList.java:1596)
at org.testng.TestRunner.privateRun(TestRunner.java:739)
at org.testng.TestRunner.run(TestRunner.java:614)
at org.testng.SuiteRunner.runTest(SuiteRunner.java:421)
at org.testng.SuiteRunner.runSequentially(SuiteRunner.java:413)
at org.testng.SuiteRunner.privateRun(SuiteRunner.java:373)
at org.testng.SuiteRunner.run(SuiteRunner.java:312)
at org.testng.SuiteRunnerWorker.runSuite(SuiteRunnerWorker.java:52)
at org.testng.SuiteRunnerWorker.run(SuiteRunnerWorker.java:95)
at org.testng.TestNG.runSuitesSequentially(TestNG.java:1274)
at org.testng.TestNG.runSuitesLocally(TestNG.java:1208)
at org.testng.TestNG.runSuites(TestNG.java:1112)
at org.testng.TestNG.run(TestNG.java:1079)
at org.apache.maven.surefire.testng.TestNGExecutor.run(TestNGExecutor.java:308)
at org.apache.maven.surefire.testng.TestNGXmlTestSuite.execute(TestNGXmlTestSuite.java:71)
at org.apache.maven.surefire.testng.TestNGProvider.invoke(TestNGProvider.java:113)
at org.apache.maven.surefire.booter.ForkedBooter.runSuitesInProcess(ForkedBooter.java:385)
at org.apache.maven.surefire.booter.ForkedBooter.execute(ForkedBooter.java:162)
at org.apache.maven.surefire.booter.ForkedBooter.run(ForkedBooter.java:507)
at org.apache.maven.surefire.booter.ForkedBooter.main(ForkedBooter.java:495)
]]>
            </full-stacktrace>
          </exception> <!-- org.testng.internal.reflect.MethodMatcherException -->
          <reporter-output>
          </reporter-output>
        </test-method> <!-- userLoginwithInvalidPassword -->
        <test-method is-config="true" signature="browserInitialization(java.lang.String)[pri:0, instance:mainproject.LoginTest@33065d67]" started-at="2026-07-14T18:57:35 PDT" name="browserInitialization" finished-at="2026-07-14T18:57:48 PDT" duration-ms="12818" status="PASS">
          <params>
            <param index="0">
              <value>
                <![CDATA[chrome]]>
              </value>
            </param>
          </params>
          <reporter-output>
          </reporter-output>
        </test-method> <!-- browserInitialization -->
        <test-method signature="userLoginwithInvalidPassword(java.lang.String,java.lang.String)[pri:4, instance:mainproject.LoginTest@33065d67]" started-at="2026-07-14T18:57:48 PDT" name="userLoginwithInvalidPassword" description="User is trying to login with Invalid password" data-provider="loginData" finished-at="2026-07-14T18:57:48 PDT" duration-ms="250" status="PASS">
          <params>
            <param index="0">
              <value>
                <![CDATA[admin]]>
              </value>
            </param>
            <param index="1">
              <value>
                <![CDATA[admin22]]>
              </value>
            </param>
          </params>
          <reporter-output>
          </reporter-output>
        </test-method> <!-- userLoginwithInvalidPassword -->
        <test-method is-config="true" signature="closeBrowser(org.testng.ITestResult)[pri:0, instance:mainproject.LoginTest@33065d67]" started-at="2026-07-14T18:57:48 PDT" name="closeBrowser" finished-at="2026-07-14T18:57:48 PDT" duration-ms="2" status="PASS">
          <params>
            <param index="0">
              <value>
                <![CDATA[[TestResult name=userLoginwithInvalidPassword status=SUCCESS method=LoginTest.userLoginwithInvalidPassword(java.lang.String,java.lang.String)[pri:4, instance:mainproject.LoginTest@33065d67] output={null}]]]>
              </value>
            </param>
          </params>
          <reporter-output>
          </reporter-output>
        </test-method> <!-- closeBrowser -->
      </class> <!-- mainproject.LoginTest -->
    </test> <!-- Test -->
  </suite> <!-- Suite -->
</testng-results>
