<?xml version="1.0" encoding="UTF-8"?>
<!-- Generated by org.testng.reporters.JUnitXMLReporter -->
<testsuite ignored="3" hostname="MacBookAir.lan" failures="1" tests="2" name="Test" time="13.097" errors="0" timestamp="2026-07-14T18:57:49 PDT">
  <testcase classname="mainproject.LoginTest" name="userLoginwithInvalidPassword" time="0.25"/>
  <testcase classname="mainproject.LoginTest" name="userLoginwithInvalidPassword" time="13.081">
    <failure type="org.testng.internal.reflect.MethodMatcherException" message="
[public void mainproject.LoginTest.userLoginwithInvalidPassword(java.lang.String,java.lang.String) throws java.io.IOException] has no parameters defined but was found to be using a data provider (either explicitly specified or inherited from class level annotation).
Data provider mismatch
Method: userLoginwithInvalidPassword([java.lang.String arg0, java.lang.String arg1])
Arguments: [(java.lang.String) admin123]">
      <![CDATA[org.testng.internal.reflect.MethodMatcherException: 
[public void mainproject.LoginTest.userLoginwithInvalidPassword(java.lang.String,java.lang.String) throws java.io.IOException] has no parameters defined but was found to be using a data provider (either explicitly specified or inherited from class level annotation).
Data provider mismatch
Method: userLoginwithInvalidPassword([java.lang.String arg0, java.lang.String arg1])
Arguments: [(java.lang.String) admin123]
at java.base/java.util.ArrayList.forEach(ArrayList.java:1596)
... Removed 26 stack frames]]>
    </failure>
  </testcase> <!-- userLoginwithInvalidPassword -->
  <testcase classname="mainproject.LoginTest" name="userLoginwithInvalidUsername" time="0.0">
    <ignored/>
  </testcase> <!-- userLoginwithInvalidUsername -->
  <testcase classname="mainproject.LoginTest" name="userLoginwithValidCredentials" time="0.0">
    <ignored/>
  </testcase> <!-- userLoginwithValidCredentials -->
  <testcase classname="mainproject.LoginTest" name="userLoginwithInValidCredentials" time="0.0">
    <ignored/>
  </testcase> <!-- userLoginwithInValidCredentials -->
</testsuite> <!-- Test -->
